NAMESPACE            NAME                                             READY   STATUS    RESTARTS   AGE
kube-system          pod/coredns-674b8bbfcf-ctclg                     1/1     Running   0          125m
kube-system          pod/coredns-674b8bbfcf-ncwcv                     1/1     Running   0          125m
kube-system          pod/etcd-kind-control-plane                      1/1     Running   0          125m
kube-system          pod/kindnet-7vw8w                                1/1     Running   0          125m
kube-system          pod/kindnet-l6rb7                                1/1     Running   0          125m
kube-system          pod/kindnet-lwt8z                                1/1     Running   0          125m
kube-system          pod/kindnet-rqcrp                                1/1     Running   0          125m
kube-system          pod/kindnet-tfcj2                                1/1     Running   0          125m
kube-system          pod/kindnet-xjmld                                1/1     Running   0          125m
kube-system          pod/kindnet-xwl9p                                1/1     Running   0          125m
kube-system          pod/kube-apiserver-kind-control-plane            1/1     Running   0          125m
kube-system          pod/kube-controller-manager-kind-control-plane   1/1     Running   0          125m
kube-system          pod/kube-proxy-2w4bf                             1/1     Running   0          125m
kube-system          pod/kube-proxy-c2v5t                             1/1     Running   0          125m
kube-system          pod/kube-proxy-c54jx                             1/1     Running   0          125m
kube-system          pod/kube-proxy-hsvrg                             1/1     Running   0          125m
kube-system          pod/kube-proxy-mdcss                             1/1     Running   0          125m
kube-system          pod/kube-proxy-r5br5                             1/1     Running   0          125m
kube-system          pod/kube-proxy-wwxgc                             1/1     Running   0          125m
kube-system          pod/kube-scheduler-kind-control-plane            1/1     Running   0          125m
local-path-storage   pod/local-path-provisioner-7dc846544d-t8t6f      1/1     Running   0          125m
todoapp              pod/todoapp-deployment-7b48bb6b86-482ld          1/1     Running   0          19m

NAMESPACE     NAME                              TYPE        CLUSTER-IP    EXTERNAL-IP   PORT(S)                  AGE
default       service/kubernetes                ClusterIP   10.96.0.1     <none>        443/TCP                  125m
kube-system   service/kube-dns                  ClusterIP   10.96.0.10    <none>        53/UDP,53/TCP,9153/TCP   125m
todoapp       service/todoapp-nodeport          NodePort    10.96.38.72   <none>        80:30007/TCP             75m
todoapp       service/todoapp-todoapp-service   ClusterIP   10.96.26.94   <none>        80/TCP                   40m

NAMESPACE     NAME                        DESIRED   CURRENT   READY   UP-TO-DATE   AVAILABLE   NODE SELECTOR            AGE
kube-system   daemonset.apps/kindnet      7         7         7       7            7           kubernetes.io/os=linux   125m
kube-system   daemonset.apps/kube-proxy   7         7         7       7            7           kubernetes.io/os=linux   125m

NAMESPACE            NAME                                     READY   UP-TO-DATE   AVAILABLE   AGE
kube-system          deployment.apps/coredns                  2/2     2            2           125m
local-path-storage   deployment.apps/local-path-provisioner   1/1     1            1           125m
todoapp              deployment.apps/todoapp-deployment       1/1     1            1           40m

NAMESPACE            NAME                                                DESIRED   CURRENT   READY   AGE
kube-system          replicaset.apps/coredns-674b8bbfcf                  2         2         2       125m
local-path-storage   replicaset.apps/local-path-provisioner-7dc846544d   1         1         1       125m
todoapp              replicaset.apps/todoapp-deployment-78bbf8bc9d       0         0         0       40m
todoapp              replicaset.apps/todoapp-deployment-7b48bb6b86       1         1         1       19m
todoapp              replicaset.apps/todoapp-deployment-85f87766d        0         0         0       26m
todoapp              replicaset.apps/todoapp-deployment-8697467dc8       0         0         0       22m

NAMESPACE   NAME                                              REFERENCE            TARGETS                                     MINPODS   MAXPODS   REPLICAS   AGE
todoapp     horizontalpodautoscaler.autoscaling/todoapp-hpa   Deployment/todoapp   cpu: <unknown>/70%, memory: <unknown>/70%   2         5         0          40m

NAMESPACE            NAME                                                             DATA   AGE
default              configmap/kube-root-ca.crt                                       1      125m
kube-node-lease      configmap/kube-root-ca.crt                                       1      125m
kube-public          configmap/cluster-info                                           2      125m
kube-public          configmap/kube-root-ca.crt                                       1      125m
kube-system          configmap/coredns                                                1      125m
kube-system          configmap/extension-apiserver-authentication                     6      125m
kube-system          configmap/kube-apiserver-legacy-service-account-token-tracking   1      125m
kube-system          configmap/kube-proxy                                             2      125m
kube-system          configmap/kube-root-ca.crt                                       1      125m
kube-system          configmap/kubeadm-config                                         1      125m
kube-system          configmap/kubelet-config                                         1      125m
local-path-storage   configmap/kube-root-ca.crt                                       1      125m
local-path-storage   configmap/local-path-config                                      4      125m
todoapp              configmap/kube-root-ca.crt                                       1      75m
todoapp              configmap/todoapp-app-config                                     1      40m

NAMESPACE     NAME                                            TYPE                            DATA   AGE
default       secret/sh.helm.release.v1.todoapp-release.v10   helm.sh/release.v1              1      25m
default       secret/sh.helm.release.v1.todoapp-release.v11   helm.sh/release.v1              1      22m
default       secret/sh.helm.release.v1.todoapp-release.v12   helm.sh/release.v1              1      19m
default       secret/sh.helm.release.v1.todoapp-release.v3    helm.sh/release.v1              1      67m
default       secret/sh.helm.release.v1.todoapp-release.v4    helm.sh/release.v1              1      40m
default       secret/sh.helm.release.v1.todoapp-release.v5    helm.sh/release.v1              1      37m
default       secret/sh.helm.release.v1.todoapp-release.v6    helm.sh/release.v1              1      35m
default       secret/sh.helm.release.v1.todoapp-release.v7    helm.sh/release.v1              1      34m
default       secret/sh.helm.release.v1.todoapp-release.v8    helm.sh/release.v1              1      33m
default       secret/sh.helm.release.v1.todoapp-release.v9    helm.sh/release.v1              1      26m
kube-system   secret/bootstrap-token-abcdef                   bootstrap.kubernetes.io/token   6      125m
todoapp       secret/todoapp-secret                           Opaque                          5      40m

NAMESPACE   NAME                                        CLASS    HOSTS   ADDRESS   PORTS   AGE
todoapp     ingress.networking.k8s.io/todoapp-ingress   <none>   *                 80      75m